0 verbose cli [
0 verbose cli   '/root/.nvm/versions/node/v16.3.0/bin/node',
0 verbose cli   '/root/.nvm/versions/node/v16.3.0/bin/npm',
0 verbose cli   'cache',
0 verbose cli   'clean'
0 verbose cli ]
1 info using npm@7.15.1
2 info using node@v16.3.0
3 timing npm:load:whichnode Completed in 7ms
4 timing config:load:defaults Completed in 2ms
5 timing config:load:file:/root/.nvm/versions/node/v16.3.0/lib/node_modules/npm/npmrc Completed in 1ms
6 timing config:load:builtin Completed in 1ms
7 timing config:load:cli Completed in 1ms
8 timing config:load:env Completed in 1ms
9 timing config:load:project Completed in 1ms
10 timing config:load:file:/root/.npmrc Completed in 0ms
11 timing config:load:user Completed in 0ms
12 timing config:load:file:/root/.nvm/versions/node/v16.3.0/etc/npmrc Completed in 0ms
13 timing config:load:global Completed in 0ms
14 timing config:load:validate Completed in 0ms
15 timing config:load:credentials Completed in 2ms
16 timing config:load:setEnvs Completed in 0ms
17 timing config:load Completed in 9ms
18 timing npm:load:configload Completed in 9ms
19 timing npm:load:setTitle Completed in 0ms
20 timing npm:load:setupLog Completed in 1ms
21 timing npm:load:cleanupLog Completed in 2ms
22 timing npm:load:configScope Completed in 0ms
23 timing npm:load:projectScope Completed in 0ms
24 timing npm:load Completed in 20ms
25 timing config:load:flatten Completed in 3ms
26 timing command:cache Completed in 1ms
27 verbose stack Error: As of npm@5, the npm cache self-heals from corruption issues
27 verbose stack by treating integrity mismatches as cache misses.  As a result,
27 verbose stack data extracted from the cache is guaranteed to be valid.  If you
27 verbose stack want to make sure everything is consistent, use `npm cache verify`
27 verbose stack instead.  Deleting the cache can only make npm go slower, and is
27 verbose stack not likely to correct any problems you may be encountering!
27 verbose stack
27 verbose stack On the other hand, if you're debugging an issue with the installer,
27 verbose stack or race conditions that depend on the timing of writing to an empty
27 verbose stack cache, you can use `npm install --cache /tmp/empty-cache` to use a
27 verbose stack temporary cache instead of nuking the actual one.
27 verbose stack
27 verbose stack If you're sure you want to delete the entire cache, rerun this command
27 verbose stack with --force.
27 verbose stack     at Cache.clean (/root/.nvm/versions/node/v16.3.0/lib/node_modules/npm/lib/cache.js:76:13)
27 verbose stack     at Cache.cache (/root/.nvm/versions/node/v16.3.0/lib/node_modules/npm/lib/cache.js:59:27)
27 verbose stack     at Cache.exec (/root/.nvm/versions/node/v16.3.0/lib/node_modules/npm/lib/cache.js:52:10)
27 verbose stack     at Object.[_runCmd] (/root/.nvm/versions/node/v16.3.0/lib/node_modules/npm/lib/npm.js:116:12)
27 verbose stack     at /root/.nvm/versions/node/v16.3.0/lib/node_modules/npm/lib/npm.js:28:35
27 verbose stack     at Object.<anonymous> (/root/.nvm/versions/node/v16.3.0/lib/node_modules/npm/lib/cli.js:61:7)
28 verbose cwd /root
29 verbose Linux 4.14.232-176.381.amzn2.x86_64
30 verbose argv "/root/.nvm/versions/node/v16.3.0/bin/node" "/root/.nvm/versions/node/v16.3.0/bin/npm" "cache" "clean"
31 verbose node v16.3.0
32 verbose npm  v7.15.1
33 error As of npm@5, the npm cache self-heals from corruption issues
33 error by treating integrity mismatches as cache misses.  As a result,
33 error data extracted from the cache is guaranteed to be valid.  If you
33 error want to make sure everything is consistent, use `npm cache verify`
33 error instead.  Deleting the cache can only make npm go slower, and is
33 error not likely to correct any problems you may be encountering!
33 error
33 error On the other hand, if you're debugging an issue with the installer,
33 error or race conditions that depend on the timing of writing to an empty
33 error cache, you can use `npm install --cache /tmp/empty-cache` to use a
33 error temporary cache instead of nuking the actual one.
33 error
33 error If you're sure you want to delete the entire cache, rerun this command
33 error with --force.
34 verbose exit 1
